<?xml version="1.0" encoding="utf-8" standalone="no"?>
<!--This file represents the results of running a test suite-->
<test-results name="C:\Users\jsiegel\Documents\Visual Studio 2013\Projects\JenkinsTester\JenkinsTester.Tests\bin\Debug\JenkinsTester.Tests.dll" total="2" errors="0" failures="1" not-run="0" inconclusive="0" ignored="0" skipped="0" invalid="0" date="2015-07-31" time="10:18:06">
  <environment nunit-version="2.6.4.14350" clr-version="2.0.50727.8009" os-version="Microsoft Windows NT 6.2.9200.0" platform="Win32NT" cwd="C:\Program Files (x86)\NUnit 2.6.4\bin" machine-name="PERSIAN14" user="jsiegel" user-domain="FUZINTERACTIVE" />
  <culture-info current-culture="en-US" current-uiculture="en-US" />
  <test-suite type="Assembly" name="C:\Users\jsiegel\Documents\Visual Studio 2013\Projects\JenkinsTester\JenkinsTester.Tests\bin\Debug\JenkinsTester.Tests.dll" executed="True" result="Failure" success="False" time="0.119" asserts="0">
    <results>
      <test-suite type="Namespace" name="JenkinsTester" executed="True" result="Failure" success="False" time="0.100" asserts="0">
        <results>
          <test-suite type="Namespace" name="Tests" executed="True" result="Failure" success="False" time="0.100" asserts="0">
            <results>
              <test-suite type="TestFixture" name="BasicTests" executed="True" result="Failure" success="False" time="0.097" asserts="0">
                <results>
                  <test-case name="JenkinsTester.Tests.BasicTests.TestAdder" executed="True" result="Success" success="True" time="0.034" asserts="1" />
                  <test-case name="JenkinsTester.Tests.BasicTests.TestBadAdder" executed="True" result="Failure" success="False" time="0.011" asserts="1">
                    <failure>
                      <message><![CDATA[  Expected: 3
  But was:  4
]]></message>
                      <stack-trace><![CDATA[at JenkinsTester.Tests.BasicTests.TestBadAdder() in c:\Users\jsiegel\Documents\Visual Studio 2013\Projects\JenkinsTester\JenkinsTester.Tests\BasicTests.cs:line 38
]]></stack-trace>
                    </failure>
                  </test-case>
                </results>
              </test-suite>
            </results>
          </test-suite>
        </results>
      </test-suite>
    </results>
  </test-suite>
</test-results>